app/manifest-merger-release-report.txt
-- Merging decision tree log ---
manifest
ADDED from AndroidManifest.xml:2:1
	package
		ADDED from AndroidManifest.xml:3:5
		INJECTED from AndroidManifest.xml:0:0
		INJECTED from AndroidManifest.xml:0:0
	android:versionName
		ADDED from AndroidManifest.xml:5:5
		INJECTED from AndroidManifest.xml:0:0
		INJECTED from AndroidManifest.xml:0:0
	android:versionCode
		ADDED from AndroidManifest.xml:4:5
		INJECTED from AndroidManifest.xml:0:0
		INJECTED from AndroidManifest.xml:0:0
	xmlns:android
		ADDED from AndroidManifest.xml:2:11
uses-sdk
ADDED from AndroidManifest.xml:7:5
MERGED from com.android.support:appcompat-v7:22.2.1:20:5
MERGED from com.android.support:support-v4:22.2.1:20:5
	android:targetSdkVersion
		ADDED from AndroidManifest.xml:9:9
		INJECTED from AndroidManifest.xml:0:0
		INJECTED from AndroidManifest.xml:0:0
	android:minSdkVersion
		ADDED from AndroidManifest.xml:8:9
		INJECTED from AndroidManifest.xml:0:0
		INJECTED from AndroidManifest.xml:0:0
uses-permission#android.permission.WRITE_EXTERNAL_STORAGE
ADDED from AndroidManifest.xml:10:5
	android:name
		ADDED from AndroidManifest.xml:10:22
uses-permission#android.permission.CAMERA
ADDED from AndroidManifest.xml:11:5
	android:name
		ADDED from AndroidManifest.xml:11:22
uses-permission#android.permission.INTERNET
ADDED from AndroidManifest.xml:12:1
	android:name
		ADDED from AndroidManifest.xml:12:18
uses-feature#android.hardware.camera
ADDED from AndroidManifest.xml:13:1
	android:name
		ADDED from AndroidManifest.xml:13:15
application
ADDED from AndroidManifest.xml:15:6
MERGED from com.android.support:appcompat-v7:22.2.1:22:5
MERGED from com.android.support:support-v4:22.2.1:22:5
	android:label
		ADDED from AndroidManifest.xml:18:9
	android:allowBackup
		ADDED from AndroidManifest.xml:16:9
	android:icon
		ADDED from AndroidManifest.xml:17:9
	android:theme
		ADDED from AndroidManifest.xml:19:9
activity#com.poi.smah.soi.MainActivity
ADDED from AndroidManifest.xml:20:9
	android:screenOrientation
		ADDED from AndroidManifest.xml:22:46
	android:label
		ADDED from AndroidManifest.xml:22:13
	android:name
		ADDED from AndroidManifest.xml:21:13
intent-filter#android.intent.action.MAIN+android.intent.category.LAUNCHER
ADDED from AndroidManifest.xml:23:13
action#android.intent.action.MAIN
ADDED from AndroidManifest.xml:24:17
	android:name
		ADDED from AndroidManifest.xml:24:25
category#android.intent.category.LAUNCHER
ADDED from AndroidManifest.xml:26:17
	android:name
		ADDED from AndroidManifest.xml:26:27
activity#com.poi.smah.soi.MenuClass
ADDED from AndroidManifest.xml:29:9
	android:screenOrientation
		ADDED from AndroidManifest.xml:31:46
	android:label
		ADDED from AndroidManifest.xml:31:13
	android:name
		ADDED from AndroidManifest.xml:30:13
intent-filter#android.intent.category.DEFAULT+com.poi.symbolsofinterest.MENUCLASS
ADDED from AndroidManifest.xml:32:13
action#com.poi.symbolsofinterest.MENUCLASS
ADDED from AndroidManifest.xml:33:17
	android:name
		ADDED from AndroidManifest.xml:33:25
category#android.intent.category.DEFAULT
ADDED from AndroidManifest.xml:35:17
	android:name
		ADDED from AndroidManifest.xml:35:27
activity#com.poi.smah.soi.browsepicc
ADDED from AndroidManifest.xml:38:1
	android:screenOrientation
		ADDED from AndroidManifest.xml:40:46
	android:label
		ADDED from AndroidManifest.xml:40:13
	android:name
		ADDED from AndroidManifest.xml:39:13
intent-filter#android.intent.category.DEFAULT+com.poi.symbolsofinterest.BROWSEPICC
ADDED from AndroidManifest.xml:41:13
action#com.poi.symbolsofinterest.BROWSEPICC
ADDED from AndroidManifest.xml:42:17
	android:name
		ADDED from AndroidManifest.xml:42:25
activity#com.poi.smah.soi.camgal
ADDED from AndroidManifest.xml:47:1
	android:screenOrientation
		ADDED from AndroidManifest.xml:49:46
	android:label
		ADDED from AndroidManifest.xml:49:13
	android:name
		ADDED from AndroidManifest.xml:48:13
intent-filter#android.intent.category.DEFAULT+com.poi.symbolsofinterest.CAMGAL
ADDED from AndroidManifest.xml:50:13
action#com.poi.symbolsofinterest.CAMGAL
ADDED from AndroidManifest.xml:51:17
	android:name
		ADDED from AndroidManifest.xml:51:25
activity#com.poi.smah.soi.poiWikia
ADDED from AndroidManifest.xml:56:1
	android:screenOrientation
		ADDED from AndroidManifest.xml:58:46
	android:label
		ADDED from AndroidManifest.xml:58:13
	android:name
		ADDED from AndroidManifest.xml:57:13
intent-filter#android.intent.category.DEFAULT+com.poi.symbolsofinterest.POIWIKIA
ADDED from AndroidManifest.xml:59:13
action#com.poi.symbolsofinterest.POIWIKIA
ADDED from AndroidManifest.xml:60:17
	android:name
		ADDED from AndroidManifest.xml:60:25
activity#com.poi.smah.soi.devInfoClass
ADDED from AndroidManifest.xml:65:1
	android:screenOrientation
		ADDED from AndroidManifest.xml:67:46
	android:label
		ADDED from AndroidManifest.xml:67:13
	android:name
		ADDED from AndroidManifest.xml:66:13
intent-filter#android.intent.category.DEFAULT+com.poi.symbolsofinterest.DEVINFOCLASS
ADDED from AndroidManifest.xml:68:13
action#com.poi.symbolsofinterest.DEVINFOCLASS
ADDED from AndroidManifest.xml:69:17
	android:name
		ADDED from AndroidManifest.xml:69:25
supports-screens
ADDED from AndroidManifest.xml:76:1
	android:largeScreens
		ADDED from AndroidManifest.xml:76:19
	android:normalScreens
		ADDED from AndroidManifest.xml:77:19
	android:xlargeScreens
		ADDED from AndroidManifest.xml:78:19
	android:resizeable
		ADDED from AndroidManifest.xml:79:5